INFORMACIÓN: Palabras cargadas correctamente [mar ene 16 23:25:02 CET 2024]
INFORMACIÓN: Palabras cargadas correctamente [mar ene 16 23:25:02 CET 2024]
INFORMACIÓN: Modo Clasico reiniciado con exito [mar ene 16 23:25:02 CET 2024]
INFORMACIÓN: Conexion con la base de datos exitosa [mar ene 16 23:25:07 CET 2024]
INFORMACIÓN: Usuario registrado encontrado con exito [mar ene 16 23:25:07 CET 2024]
INFORMACIÓN: Conexion con la base de datos exitosa [mar ene 16 23:25:07 CET 2024]
INFORMACIÓN: Usuario encontrado con exito [mar ene 16 23:25:07 CET 2024]
INFORMACIÓN: Conexion con la base de datos exitosa [mar ene 16 23:25:08 CET 2024]
INFORMACIÓN: Palabras cargadas correctamente [mar ene 16 23:25:09 CET 2024]
INFORMACIÓN: Modo Clasico reiniciado con exito [mar ene 16 23:25:09 CET 2024]
INFORMACIÓN: Conexion con la base de datos exitosa [mar ene 16 23:25:15 CET 2024]
INFORMACIÓN: Usuario registrado encontrado con exito [mar ene 16 23:25:15 CET 2024]
INFORMACIÓN: Conexion con la base de datos exitosa [mar ene 16 23:25:15 CET 2024]
INFORMACIÓN: Usuario encontrado con exito [mar ene 16 23:25:15 CET 2024]
INFORMACIÓN: Conexion con la base de datos exitosa [mar ene 16 23:25:15 CET 2024]
INFORMACIÓN: Palabras cargadas correctamente [mar ene 16 23:25:16 CET 2024]
INFORMACIÓN: Modo Clasico reiniciado con exito [mar ene 16 23:25:16 CET 2024]
INFORMACIÓN: Conexion con la base de datos exitosa [mar ene 16 23:25:27 CET 2024]
INFORMACIÓN: Usuario registrado encontrado con exito [mar ene 16 23:25:27 CET 2024]
INFORMACIÓN: Conexion con la base de datos exitosa [mar ene 16 23:25:27 CET 2024]
INFORMACIÓN: Usuario encontrado con exito [mar ene 16 23:25:27 CET 2024]
INFORMACIÓN: Conexion con la base de datos exitosa [mar ene 16 23:25:28 CET 2024]
INFORMACIÓN: Palabras cargadas correctamente [mar ene 16 23:25:30 CET 2024]
INFORMACIÓN: Modo Clasico reiniciado con exito [mar ene 16 23:25:30 CET 2024]
